[debug] [2026-02-06T17:41:21.051Z] ----------------------------------------------------------------------
[debug] [2026-02-06T17:41:21.054Z] Command:       C:\Program Files\nodejs\node.exe C:\Users\jacro\AppData\Roaming\npm\node_modules\firebase-tools\lib\bin\firebase.js emulators:start --only hosting
[debug] [2026-02-06T17:41:21.054Z] CLI Version:   15.5.1
[debug] [2026-02-06T17:41:21.054Z] Platform:      win32
[debug] [2026-02-06T17:41:21.054Z] Node Version:  v25.6.0
[debug] [2026-02-06T17:41:21.054Z] Time:          Fri Feb 06 2026 17:41:21 GMT+0000 (Greenwich Mean Time)
[debug] [2026-02-06T17:41:21.054Z] ----------------------------------------------------------------------
[debug] 
[debug] [2026-02-06T17:41:22.300Z] > command requires scopes: ["email","openid","https://www.googleapis.com/auth/cloudplatformprojects.readonly","https://www.googleapis.com/auth/firebase","https://www.googleapis.com/auth/cloud-platform"]
[debug] [2026-02-06T17:41:22.301Z] > authorizing via signed-in user (jacrossiter.contact@gmail.com)
[info] i  emulators: Starting emulators: hosting {"metadata":{"emulator":{"name":"hub"},"message":"Starting emulators: hosting"}}
[warn] !  hub: emulator hub unable to start on port 4400, starting on 4401 instead. {"metadata":{"emulator":{"name":"hub"},"message":"emulator hub unable to start on port 4400, starting on 4401 instead."}}
[warn] !  logging: Logging Emulator unable to start on port 4500, starting on 4501 instead. {"metadata":{"emulator":{"name":"logging"},"message":"Logging Emulator unable to start on port 4500, starting on 4501 instead."}}
[debug] [2026-02-06T17:41:22.310Z] [logging] Logging Emulator only supports listening on one address (127.0.0.1). Not listening on ::1
[warn] !  hosting: Hosting Emulator unable to start on port 5000, starting on 5002 instead. {"metadata":{"emulator":{"name":"hosting"},"message":"Hosting Emulator unable to start on port 5000, starting on 5002 instead."}}
[debug] [2026-02-06T17:41:22.311Z] [hosting] Hosting Emulator only supports listening on one address (127.0.0.1). Not listening on ::1
[debug] [2026-02-06T17:41:22.311Z] assigned listening specs for emulators {"user":{"hub":[{"address":"127.0.0.1","family":"IPv4","port":4401},{"address":"::1","family":"IPv6","port":4401}],"logging":[{"address":"127.0.0.1","family":"IPv4","port":4501}],"hosting":[{"address":"127.0.0.1","family":"IPv4","port":5002}]},"metadata":{"message":"assigned listening specs for emulators"}}
[debug] [2026-02-06T17:41:22.316Z] Found emulator hub locator: {"version":"15.5.1","origins":["http://127.0.0.1:4400","http://[::1]:4400"],"pid":37124}
[warn] !  emulators: It seems that you are running multiple instances of the emulator suite for project pomoplan-9043b. This may result in unexpected behavior. 
[debug] [2026-02-06T17:41:22.324Z] Checked if tokens are valid: true, expires at: 1770401745287
[debug] [2026-02-06T17:41:22.324Z] Checked if tokens are valid: true, expires at: 1770401745287
[debug] [2026-02-06T17:41:22.325Z] >>> [apiv2][query] GET https://firebasehosting.googleapis.com/v1beta1/projects/pomoplan-9043b/sites 
[debug] [2026-02-06T17:41:23.301Z] <<< [apiv2][status] GET https://firebasehosting.googleapis.com/v1beta1/projects/pomoplan-9043b/sites 200
[debug] [2026-02-06T17:41:23.301Z] <<< [apiv2][body] GET https://firebasehosting.googleapis.com/v1beta1/projects/pomoplan-9043b/sites {"sites":[{"name":"projects/pomoplan-9043b/sites/pomoplan-9043b","defaultUrl":"https://pomoplan-9043b.web.app","appId":"1:120676340778:web:3c9e26bf6c8d54ab231f53","type":"DEFAULT_SITE"}]}
[debug] [2026-02-06T17:41:23.301Z] Checked if tokens are valid: true, expires at: 1770401745287
[debug] [2026-02-06T17:41:23.301Z] Checked if tokens are valid: true, expires at: 1770401745287
[debug] [2026-02-06T17:41:23.301Z] >>> [apiv2][query] GET https://firebase.googleapis.com/v1beta1/projects/pomoplan-9043b/webApps/1:120676340778:web:3c9e26bf6c8d54ab231f53/config [none]
[debug] [2026-02-06T17:41:24.245Z] <<< [apiv2][status] GET https://firebase.googleapis.com/v1beta1/projects/pomoplan-9043b/webApps/1:120676340778:web:3c9e26bf6c8d54ab231f53/config 200
[debug] [2026-02-06T17:41:24.245Z] <<< [apiv2][body] GET https://firebase.googleapis.com/v1beta1/projects/pomoplan-9043b/webApps/1:120676340778:web:3c9e26bf6c8d54ab231f53/config {"projectId":"pomoplan-9043b","appId":"1:120676340778:web:3c9e26bf6c8d54ab231f53","storageBucket":"pomoplan-9043b.firebasestorage.app","apiKey":"AIzaSyBcR5nReCb3upCbeOsqV0w8UVtp2rbbXmo","authDomain":"pomoplan-9043b.firebaseapp.com","messagingSenderId":"120676340778","measurementId":"G-JN491LWFJM","projectNumber":"120676340778","version":"2"}
[debug] [2026-02-06T17:41:24.251Z] Checked if tokens are valid: true, expires at: 1770401745287
[debug] [2026-02-06T17:41:24.251Z] Checked if tokens are valid: true, expires at: 1770401745287
[debug] [2026-02-06T17:41:24.251Z] >>> [apiv2][query] GET https://firebase.googleapis.com/v1beta1/projects/pomoplan-9043b [none]
[debug] [2026-02-06T17:41:24.650Z] <<< [apiv2][status] GET https://firebase.googleapis.com/v1beta1/projects/pomoplan-9043b 200
[debug] [2026-02-06T17:41:24.650Z] <<< [apiv2][body] GET https://firebase.googleapis.com/v1beta1/projects/pomoplan-9043b {"projectId":"pomoplan-9043b","projectNumber":"120676340778","displayName":"Pomoplan","name":"projects/pomoplan-9043b","resources":{"hostingSite":"pomoplan-9043b"},"state":"ACTIVE","etag":"1_55fad01f-bfc5-4f33-8335-2c5f9f0065df"}
[info] i  hosting[pomoplan-9043b]: Serving hosting files from: public {"metadata":{"emulator":{"name":"hosting"},"message":"Serving hosting files from: \u001b[1mpublic\u001b[22m"}}
[info] +  hosting[pomoplan-9043b]: Local server: http://127.0.0.1:5002 {"metadata":{"emulator":{"name":"hosting"},"message":"Local server: \u001b[4m\u001b[1mhttp://127.0.0.1:5002\u001b[22m\u001b[24m"}}
[warn] !  emulators: The Emulator UI is not starting because none of the running emulators have a UI component. {"metadata":{"emulator":{"name":"hub"},"message":"The Emulator UI is not starting because none of the running emulators have a UI component."}}
[debug] [2026-02-06T17:41:24.669Z] Could not find VSCode notification endpoint: FetchError: request to http://localhost:40001/vscode/notify failed, reason: . If you are not running the Firebase Data Connect VSCode extension, this is expected and not an issue.
[info] 
┌─────────────────────────────────────────────────────────────┐
│ ✔  All emulators ready! It is now safe to connect your app. │
└─────────────────────────────────────────────────────────────┘

┌──────────┬────────────────┐
│ Emulator │ Host:Port      │
├──────────┼────────────────┤
│ Hosting  │ 127.0.0.1:5002 │
└──────────┴────────────────┘
  Emulator Hub host: 127.0.0.1 port: 4401
  Other reserved ports: 4501

Issues? Report them at https://github.com/firebase/firebase-tools/issues and attach the *-debug.log files.
 
